[2022-06-18T14:20:22.215] [ERROR] default - ReferenceError: listarProductosId is not defined
    at getId (file:///C:/_discoNANCY/cursos/cursos_Coderhouse_backendNodejs/Desafios_nodejs/desafio_clase33/src/controllers/productosController.js:21:30)
    at Layer.handle [as handle_request] (C:\_discoNANCY\cursos\cursos_Coderhouse_backendNodejs\Desafios_nodejs\desafio_clase33\node_modules\express\lib\router\layer.js:95:5)
    at next (C:\_discoNANCY\cursos\cursos_Coderhouse_backendNodejs\Desafios_nodejs\desafio_clase33\node_modules\express\lib\router\route.js:144:13)
    at Route.dispatch (C:\_discoNANCY\cursos\cursos_Coderhouse_backendNodejs\Desafios_nodejs\desafio_clase33\node_modules\express\lib\router\route.js:114:3)
    at Layer.handle [as handle_request] (C:\_discoNANCY\cursos\cursos_Coderhouse_backendNodejs\Desafios_nodejs\desafio_clase33\node_modules\express\lib\router\layer.js:95:5)
    at C:\_discoNANCY\cursos\cursos_Coderhouse_backendNodejs\Desafios_nodejs\desafio_clase33\node_modules\express\lib\router\index.js:284:15
    at param (C:\_discoNANCY\cursos\cursos_Coderhouse_backendNodejs\Desafios_nodejs\desafio_clase33\node_modules\express\lib\router\index.js:365:14)
    at param (C:\_discoNANCY\cursos\cursos_Coderhouse_backendNodejs\Desafios_nodejs\desafio_clase33\node_modules\express\lib\router\index.js:376:14)
    at Function.process_params (C:\_discoNANCY\cursos\cursos_Coderhouse_backendNodejs\Desafios_nodejs\desafio_clase33\node_modules\express\lib\router\index.js:421:3)
    at next (C:\_discoNANCY\cursos\cursos_Coderhouse_backendNodejs\Desafios_nodejs\desafio_clase33\node_modules\express\lib\router\index.js:280:10)
[2022-06-18T14:22:57.238] [ERROR] default - ReferenceError: err is not defined
    at DaoProductosMongoDb.listarTodasPorId (file:///C:/_discoNANCY/cursos/cursos_Coderhouse_backendNodejs/Desafios_nodejs/desafio_clase33/src/databases/shared/mongodb/DaoMongoDb.js:28:26)
    at listarProductosId (file:///C:/_discoNANCY/cursos/cursos_Coderhouse_backendNodejs/Desafios_nodejs/desafio_clase33/src/services/productoService.js:9:31)
    at getId (file:///C:/_discoNANCY/cursos/cursos_Coderhouse_backendNodejs/Desafios_nodejs/desafio_clase33/src/controllers/productosController.js:21:36)
    at Layer.handle [as handle_request] (C:\_discoNANCY\cursos\cursos_Coderhouse_backendNodejs\Desafios_nodejs\desafio_clase33\node_modules\express\lib\router\layer.js:95:5)
    at next (C:\_discoNANCY\cursos\cursos_Coderhouse_backendNodejs\Desafios_nodejs\desafio_clase33\node_modules\express\lib\router\route.js:144:13)
    at Route.dispatch (C:\_discoNANCY\cursos\cursos_Coderhouse_backendNodejs\Desafios_nodejs\desafio_clase33\node_modules\express\lib\router\route.js:114:3)
    at Layer.handle [as handle_request] (C:\_discoNANCY\cursos\cursos_Coderhouse_backendNodejs\Desafios_nodejs\desafio_clase33\node_modules\express\lib\router\layer.js:95:5)
    at C:\_discoNANCY\cursos\cursos_Coderhouse_backendNodejs\Desafios_nodejs\desafio_clase33\node_modules\express\lib\router\index.js:284:15
    at param (C:\_discoNANCY\cursos\cursos_Coderhouse_backendNodejs\Desafios_nodejs\desafio_clase33\node_modules\express\lib\router\index.js:365:14)
    at param (C:\_discoNANCY\cursos\cursos_Coderhouse_backendNodejs\Desafios_nodejs\desafio_clase33\node_modules\express\lib\router\index.js:376:14)
[2022-06-18T14:25:40.028] [ERROR] default - ReferenceError: listarPorId is not defined
    at getId (file:///C:/_discoNANCY/cursos/cursos_Coderhouse_backendNodejs/Desafios_nodejs/desafio_clase33/src/controllers/productosController.js:21:30)
    at Layer.handle [as handle_request] (C:\_discoNANCY\cursos\cursos_Coderhouse_backendNodejs\Desafios_nodejs\desafio_clase33\node_modules\express\lib\router\layer.js:95:5)
    at next (C:\_discoNANCY\cursos\cursos_Coderhouse_backendNodejs\Desafios_nodejs\desafio_clase33\node_modules\express\lib\router\route.js:144:13)
    at Route.dispatch (C:\_discoNANCY\cursos\cursos_Coderhouse_backendNodejs\Desafios_nodejs\desafio_clase33\node_modules\express\lib\router\route.js:114:3)
    at Layer.handle [as handle_request] (C:\_discoNANCY\cursos\cursos_Coderhouse_backendNodejs\Desafios_nodejs\desafio_clase33\node_modules\express\lib\router\layer.js:95:5)
    at C:\_discoNANCY\cursos\cursos_Coderhouse_backendNodejs\Desafios_nodejs\desafio_clase33\node_modules\express\lib\router\index.js:284:15
    at param (C:\_discoNANCY\cursos\cursos_Coderhouse_backendNodejs\Desafios_nodejs\desafio_clase33\node_modules\express\lib\router\index.js:365:14)
    at param (C:\_discoNANCY\cursos\cursos_Coderhouse_backendNodejs\Desafios_nodejs\desafio_clase33\node_modules\express\lib\router\index.js:376:14)
    at Function.process_params (C:\_discoNANCY\cursos\cursos_Coderhouse_backendNodejs\Desafios_nodejs\desafio_clase33\node_modules\express\lib\router\index.js:421:3)
    at next (C:\_discoNANCY\cursos\cursos_Coderhouse_backendNodejs\Desafios_nodejs\desafio_clase33\node_modules\express\lib\router\index.js:280:10)
[2022-06-18T14:27:30.145] [ERROR] default - ReferenceError: err is not defined
    at DaoProductosMongoDb.listarPorId (file:///C:/_discoNANCY/cursos/cursos_Coderhouse_backendNodejs/Desafios_nodejs/desafio_clase33/src/databases/shared/mongodb/DaoMongoDb.js:28:26)
    at listarProducto (file:///C:/_discoNANCY/cursos/cursos_Coderhouse_backendNodejs/Desafios_nodejs/desafio_clase33/src/services/productoService.js:9:31)
    at getId (file:///C:/_discoNANCY/cursos/cursos_Coderhouse_backendNodejs/Desafios_nodejs/desafio_clase33/src/controllers/productosController.js:21:36)
    at Layer.handle [as handle_request] (C:\_discoNANCY\cursos\cursos_Coderhouse_backendNodejs\Desafios_nodejs\desafio_clase33\node_modules\express\lib\router\layer.js:95:5)
    at next (C:\_discoNANCY\cursos\cursos_Coderhouse_backendNodejs\Desafios_nodejs\desafio_clase33\node_modules\express\lib\router\route.js:144:13)
    at Route.dispatch (C:\_discoNANCY\cursos\cursos_Coderhouse_backendNodejs\Desafios_nodejs\desafio_clase33\node_modules\express\lib\router\route.js:114:3)
    at Layer.handle [as handle_request] (C:\_discoNANCY\cursos\cursos_Coderhouse_backendNodejs\Desafios_nodejs\desafio_clase33\node_modules\express\lib\router\layer.js:95:5)
    at C:\_discoNANCY\cursos\cursos_Coderhouse_backendNodejs\Desafios_nodejs\desafio_clase33\node_modules\express\lib\router\index.js:284:15
    at param (C:\_discoNANCY\cursos\cursos_Coderhouse_backendNodejs\Desafios_nodejs\desafio_clase33\node_modules\express\lib\router\index.js:365:14)
    at param (C:\_discoNANCY\cursos\cursos_Coderhouse_backendNodejs\Desafios_nodejs\desafio_clase33\node_modules\express\lib\router\index.js:376:14)
[2022-06-18T14:29:32.505] [ERROR] default - ReferenceError: err is not defined
    at DaoProductosMongoDb.listarPorId (file:///C:/_discoNANCY/cursos/cursos_Coderhouse_backendNodejs/Desafios_nodejs/desafio_clase33/src/databases/shared/mongodb/DaoMongoDb.js:28:26)
    at listarProducto (file:///C:/_discoNANCY/cursos/cursos_Coderhouse_backendNodejs/Desafios_nodejs/desafio_clase33/src/services/productoService.js:9:31)
    at getId (file:///C:/_discoNANCY/cursos/cursos_Coderhouse_backendNodejs/Desafios_nodejs/desafio_clase33/src/controllers/productosController.js:21:36)
    at Layer.handle [as handle_request] (C:\_discoNANCY\cursos\cursos_Coderhouse_backendNodejs\Desafios_nodejs\desafio_clase33\node_modules\express\lib\router\layer.js:95:5)
    at next (C:\_discoNANCY\cursos\cursos_Coderhouse_backendNodejs\Desafios_nodejs\desafio_clase33\node_modules\express\lib\router\route.js:144:13)
    at Route.dispatch (C:\_discoNANCY\cursos\cursos_Coderhouse_backendNodejs\Desafios_nodejs\desafio_clase33\node_modules\express\lib\router\route.js:114:3)
    at Layer.handle [as handle_request] (C:\_discoNANCY\cursos\cursos_Coderhouse_backendNodejs\Desafios_nodejs\desafio_clase33\node_modules\express\lib\router\layer.js:95:5)
    at C:\_discoNANCY\cursos\cursos_Coderhouse_backendNodejs\Desafios_nodejs\desafio_clase33\node_modules\express\lib\router\index.js:284:15
    at param (C:\_discoNANCY\cursos\cursos_Coderhouse_backendNodejs\Desafios_nodejs\desafio_clase33\node_modules\express\lib\router\index.js:365:14)
    at param (C:\_discoNANCY\cursos\cursos_Coderhouse_backendNodejs\Desafios_nodejs\desafio_clase33\node_modules\express\lib\router\index.js:376:14)
[2022-06-18T14:31:50.263] [ERROR] default - ReferenceError: err is not defined
    at DaoProductosMongoDb.listarPorId (file:///C:/_discoNANCY/cursos/cursos_Coderhouse_backendNodejs/Desafios_nodejs/desafio_clase33/src/databases/shared/mongodb/DaoMongoDb.js:28:26)
    at listarProducto (file:///C:/_discoNANCY/cursos/cursos_Coderhouse_backendNodejs/Desafios_nodejs/desafio_clase33/src/services/productoService.js:9:31)
    at getId (file:///C:/_discoNANCY/cursos/cursos_Coderhouse_backendNodejs/Desafios_nodejs/desafio_clase33/src/controllers/productosController.js:21:36)
    at Layer.handle [as handle_request] (C:\_discoNANCY\cursos\cursos_Coderhouse_backendNodejs\Desafios_nodejs\desafio_clase33\node_modules\express\lib\router\layer.js:95:5)
    at next (C:\_discoNANCY\cursos\cursos_Coderhouse_backendNodejs\Desafios_nodejs\desafio_clase33\node_modules\express\lib\router\route.js:144:13)
    at Route.dispatch (C:\_discoNANCY\cursos\cursos_Coderhouse_backendNodejs\Desafios_nodejs\desafio_clase33\node_modules\express\lib\router\route.js:114:3)
    at Layer.handle [as handle_request] (C:\_discoNANCY\cursos\cursos_Coderhouse_backendNodejs\Desafios_nodejs\desafio_clase33\node_modules\express\lib\router\layer.js:95:5)
    at C:\_discoNANCY\cursos\cursos_Coderhouse_backendNodejs\Desafios_nodejs\desafio_clase33\node_modules\express\lib\router\index.js:284:15
    at param (C:\_discoNANCY\cursos\cursos_Coderhouse_backendNodejs\Desafios_nodejs\desafio_clase33\node_modules\express\lib\router\index.js:365:14)
    at param (C:\_discoNANCY\cursos\cursos_Coderhouse_backendNodejs\Desafios_nodejs\desafio_clase33\node_modules\express\lib\router\index.js:376:14)
[2022-06-18T14:42:04.975] [ERROR] default - TypeError: this.collection.findOne(...).project is not a function
    at DaoProductosMongoDb.listarPorId (file:///C:/_discoNANCY/cursos/cursos_Coderhouse_backendNodejs/Desafios_nodejs/desafio_clase33/src/databases/shared/mongodb/DaoMongoDb.js:25:62)
    at listarProducto (file:///C:/_discoNANCY/cursos/cursos_Coderhouse_backendNodejs/Desafios_nodejs/desafio_clase33/src/services/productoService.js:9:31)
    at getId (file:///C:/_discoNANCY/cursos/cursos_Coderhouse_backendNodejs/Desafios_nodejs/desafio_clase33/src/controllers/productosController.js:21:36)
    at Layer.handle [as handle_request] (C:\_discoNANCY\cursos\cursos_Coderhouse_backendNodejs\Desafios_nodejs\desafio_clase33\node_modules\express\lib\router\layer.js:95:5)
    at next (C:\_discoNANCY\cursos\cursos_Coderhouse_backendNodejs\Desafios_nodejs\desafio_clase33\node_modules\express\lib\router\route.js:144:13)
    at Route.dispatch (C:\_discoNANCY\cursos\cursos_Coderhouse_backendNodejs\Desafios_nodejs\desafio_clase33\node_modules\express\lib\router\route.js:114:3)
    at Layer.handle [as handle_request] (C:\_discoNANCY\cursos\cursos_Coderhouse_backendNodejs\Desafios_nodejs\desafio_clase33\node_modules\express\lib\router\layer.js:95:5)
    at C:\_discoNANCY\cursos\cursos_Coderhouse_backendNodejs\Desafios_nodejs\desafio_clase33\node_modules\express\lib\router\index.js:284:15
    at param (C:\_discoNANCY\cursos\cursos_Coderhouse_backendNodejs\Desafios_nodejs\desafio_clase33\node_modules\express\lib\router\index.js:365:14)
    at param (C:\_discoNANCY\cursos\cursos_Coderhouse_backendNodejs\Desafios_nodejs\desafio_clase33\node_modules\express\lib\router\index.js:376:14)
[2022-06-18T14:43:16.740] [ERROR] default - TypeError: this.collection.findOne(...).project is not a function
    at DaoProductosMongoDb.listarPorId (file:///C:/_discoNANCY/cursos/cursos_Coderhouse_backendNodejs/Desafios_nodejs/desafio_clase33/src/databases/shared/mongodb/DaoMongoDb.js:26:57)
    at listarProducto (file:///C:/_discoNANCY/cursos/cursos_Coderhouse_backendNodejs/Desafios_nodejs/desafio_clase33/src/services/productoService.js:9:31)
    at getId (file:///C:/_discoNANCY/cursos/cursos_Coderhouse_backendNodejs/Desafios_nodejs/desafio_clase33/src/controllers/productosController.js:21:36)
    at Layer.handle [as handle_request] (C:\_discoNANCY\cursos\cursos_Coderhouse_backendNodejs\Desafios_nodejs\desafio_clase33\node_modules\express\lib\router\layer.js:95:5)
    at next (C:\_discoNANCY\cursos\cursos_Coderhouse_backendNodejs\Desafios_nodejs\desafio_clase33\node_modules\express\lib\router\route.js:144:13)
    at Route.dispatch (C:\_discoNANCY\cursos\cursos_Coderhouse_backendNodejs\Desafios_nodejs\desafio_clase33\node_modules\express\lib\router\route.js:114:3)
    at Layer.handle [as handle_request] (C:\_discoNANCY\cursos\cursos_Coderhouse_backendNodejs\Desafios_nodejs\desafio_clase33\node_modules\express\lib\router\layer.js:95:5)
    at C:\_discoNANCY\cursos\cursos_Coderhouse_backendNodejs\Desafios_nodejs\desafio_clase33\node_modules\express\lib\router\index.js:284:15
    at param (C:\_discoNANCY\cursos\cursos_Coderhouse_backendNodejs\Desafios_nodejs\desafio_clase33\node_modules\express\lib\router\index.js:365:14)
    at param (C:\_discoNANCY\cursos\cursos_Coderhouse_backendNodejs\Desafios_nodejs\desafio_clase33\node_modules\express\lib\router\index.js:376:14)
[2022-06-18T14:43:43.219] [ERROR] default - TypeError: this.collection.findOne(...).toArray is not a function
    at DaoProductosMongoDb.listarPorId (file:///C:/_discoNANCY/cursos/cursos_Coderhouse_backendNodejs/Desafios_nodejs/desafio_clase33/src/databases/shared/mongodb/DaoMongoDb.js:26:57)
    at listarProducto (file:///C:/_discoNANCY/cursos/cursos_Coderhouse_backendNodejs/Desafios_nodejs/desafio_clase33/src/services/productoService.js:9:31)
    at getId (file:///C:/_discoNANCY/cursos/cursos_Coderhouse_backendNodejs/Desafios_nodejs/desafio_clase33/src/controllers/productosController.js:21:36)
    at Layer.handle [as handle_request] (C:\_discoNANCY\cursos\cursos_Coderhouse_backendNodejs\Desafios_nodejs\desafio_clase33\node_modules\express\lib\router\layer.js:95:5)
    at next (C:\_discoNANCY\cursos\cursos_Coderhouse_backendNodejs\Desafios_nodejs\desafio_clase33\node_modules\express\lib\router\route.js:144:13)
    at Route.dispatch (C:\_discoNANCY\cursos\cursos_Coderhouse_backendNodejs\Desafios_nodejs\desafio_clase33\node_modules\express\lib\router\route.js:114:3)
    at Layer.handle [as handle_request] (C:\_discoNANCY\cursos\cursos_Coderhouse_backendNodejs\Desafios_nodejs\desafio_clase33\node_modules\express\lib\router\layer.js:95:5)
    at C:\_discoNANCY\cursos\cursos_Coderhouse_backendNodejs\Desafios_nodejs\desafio_clase33\node_modules\express\lib\router\index.js:284:15
    at param (C:\_discoNANCY\cursos\cursos_Coderhouse_backendNodejs\Desafios_nodejs\desafio_clase33\node_modules\express\lib\router\index.js:365:14)
    at param (C:\_discoNANCY\cursos\cursos_Coderhouse_backendNodejs\Desafios_nodejs\desafio_clase33\node_modules\express\lib\router\index.js:376:14)
[2022-06-18T14:44:57.919] [ERROR] default - TypeError: this.collection.findOne(...).toArray is not a function
    at DaoProductosMongoDb.listarPorId (file:///C:/_discoNANCY/cursos/cursos_Coderhouse_backendNodejs/Desafios_nodejs/desafio_clase33/src/databases/shared/mongodb/DaoMongoDb.js:26:57)
    at listarProducto (file:///C:/_discoNANCY/cursos/cursos_Coderhouse_backendNodejs/Desafios_nodejs/desafio_clase33/src/services/productoService.js:9:31)
    at getId (file:///C:/_discoNANCY/cursos/cursos_Coderhouse_backendNodejs/Desafios_nodejs/desafio_clase33/src/controllers/productosController.js:21:36)
    at Layer.handle [as handle_request] (C:\_discoNANCY\cursos\cursos_Coderhouse_backendNodejs\Desafios_nodejs\desafio_clase33\node_modules\express\lib\router\layer.js:95:5)
    at next (C:\_discoNANCY\cursos\cursos_Coderhouse_backendNodejs\Desafios_nodejs\desafio_clase33\node_modules\express\lib\router\route.js:144:13)
    at Route.dispatch (C:\_discoNANCY\cursos\cursos_Coderhouse_backendNodejs\Desafios_nodejs\desafio_clase33\node_modules\express\lib\router\route.js:114:3)
    at Layer.handle [as handle_request] (C:\_discoNANCY\cursos\cursos_Coderhouse_backendNodejs\Desafios_nodejs\desafio_clase33\node_modules\express\lib\router\layer.js:95:5)
    at C:\_discoNANCY\cursos\cursos_Coderhouse_backendNodejs\Desafios_nodejs\desafio_clase33\node_modules\express\lib\router\index.js:284:15
    at param (C:\_discoNANCY\cursos\cursos_Coderhouse_backendNodejs\Desafios_nodejs\desafio_clase33\node_modules\express\lib\router\index.js:365:14)
    at param (C:\_discoNANCY\cursos\cursos_Coderhouse_backendNodejs\Desafios_nodejs\desafio_clase33\node_modules\express\lib\router\index.js:376:14)
